2018-03-16 22:06:17,522 [Worker-5] INFO  c.g.t.t.d.PublishedGradleVersions - Gradle version information cache is up-to-date. Trying to read.
2018-03-16 22:10:08,890 [Worker-6] INFO  c.g.t.t.d.PublishedGradleVersions - Gradle version information cache is up-to-date. Trying to read.
2018-03-16 22:12:45,106 [Worker-4] INFO  c.g.t.t.d.PublishedGradleVersions - Gradle version information cache is up-to-date. Trying to read.
2018-03-17 02:21:00,803 [Worker-7] INFO  c.g.t.t.d.PublishedGradleVersions - Gradle version information cache is up-to-date. Trying to read.
2018-03-17 02:23:22,982 [Worker-4] INFO  c.g.t.t.d.PublishedGradleVersions - Gradle version information cache is up-to-date. Trying to read.
2018-03-17 02:27:17,559 [Worker-1] INFO  c.g.t.t.d.PublishedGradleVersions - Gradle version information cache is up-to-date. Trying to read.
2018-03-17 02:31:55,356 [Worker-4] INFO  c.g.t.t.d.PublishedGradleVersions - Gradle version information cache is up-to-date. Trying to read.
2018-03-17 02:33:59,290 [Worker-0] INFO  c.g.t.t.d.PublishedGradleVersions - Gradle version information cache is up-to-date. Trying to read.
2018-03-17 02:38:01,209 [Worker-2] INFO  c.g.t.t.d.PublishedGradleVersions - Gradle version information cache is up-to-date. Trying to read.
2018-03-17 02:55:44,037 [Worker-6] INFO  c.g.t.t.d.PublishedGradleVersions - Gradle version information cache is up-to-date. Trying to read.
2018-03-17 03:20:37,733 [Worker-0] INFO  c.g.t.t.d.PublishedGradleVersions - Gradle version information cache is up-to-date. Trying to read.
2018-03-17 03:29:28,714 [Worker-0] INFO  c.g.t.t.d.PublishedGradleVersions - Gradle version information cache is up-to-date. Trying to read.
2018-03-17 03:30:37,684 [Worker-3] INFO  c.g.t.t.d.PublishedGradleVersions - Gradle version information cache is up-to-date. Trying to read.
2018-03-17 03:33:17,667 [Worker-2] INFO  c.g.t.t.d.PublishedGradleVersions - Gradle version information cache is up-to-date. Trying to read.
2018-03-18 17:21:26,182 [Worker-4] INFO  c.g.t.t.d.PublishedGradleVersions - Gradle version information cache is out-of-date. Trying to update.
2018-03-18 17:30:18,648 [Worker-0] INFO  c.g.t.t.d.PublishedGradleVersions - Gradle version information cache is up-to-date. Trying to read.
2018-03-18 18:13:16,757 [Worker-1] INFO  c.g.t.t.d.PublishedGradleVersions - Gradle version information cache is up-to-date. Trying to read.
2018-03-18 18:19:43,162 [Worker-4] INFO  c.g.t.t.d.PublishedGradleVersions - Gradle version information cache is up-to-date. Trying to read.
2018-03-18 19:51:58,562 [Worker-4] INFO  c.g.t.t.d.PublishedGradleVersions - Gradle version information cache is up-to-date. Trying to read.
2018-03-18 19:54:07,030 [Worker-4] INFO  c.g.t.t.d.PublishedGradleVersions - Gradle version information cache is up-to-date. Trying to read.
2018-03-18 22:48:26,209 [Worker-2] INFO  c.g.t.t.d.PublishedGradleVersions - Gradle version information cache is up-to-date. Trying to read.
2018-03-19 03:00:00,836 [Worker-0] INFO  c.g.t.t.d.PublishedGradleVersions - Gradle version information cache is up-to-date. Trying to read.
2018-03-19 05:39:12,739 [Worker-6] INFO  c.g.t.t.d.PublishedGradleVersions - Gradle version information cache is up-to-date. Trying to read.
2018-03-23 21:14:55,690 [Worker-2] INFO  c.g.t.t.d.PublishedGradleVersions - Gradle version information cache is out-of-date. Trying to update.
2018-03-23 23:21:51,049 [Worker-1] INFO  c.g.t.t.d.PublishedGradleVersions - Gradle version information cache is up-to-date. Trying to read.
2018-03-24 12:55:49,335 [Worker-1] INFO  c.g.t.t.d.PublishedGradleVersions - Gradle version information cache is up-to-date. Trying to read.
2018-03-27 11:08:46,477 [Worker-5] INFO  c.g.t.t.d.PublishedGradleVersions - Gradle version information cache is out-of-date. Trying to update.
2018-03-27 11:49:04,819 [Worker-6] INFO  c.g.t.t.d.PublishedGradleVersions - Gradle version information cache is up-to-date. Trying to read.
2018-03-30 13:25:43,638 [Worker-6] INFO  c.g.t.t.d.PublishedGradleVersions - Gradle version information cache is out-of-date. Trying to update.
2018-03-30 15:52:28,951 [Worker-2] INFO  c.g.t.t.d.PublishedGradleVersions - Gradle version information cache is up-to-date. Trying to read.
2018-03-30 15:56:01,068 [Worker-1] INFO  c.g.t.t.d.PublishedGradleVersions - Gradle version information cache is up-to-date. Trying to read.
2018-03-30 16:08:49,146 [Worker-3] INFO  c.g.t.t.d.PublishedGradleVersions - Gradle version information cache is up-to-date. Trying to read.
2018-03-30 16:10:26,858 [Worker-4] INFO  c.g.t.t.d.PublishedGradleVersions - Gradle version information cache is up-to-date. Trying to read.
2018-03-30 16:19:28,679 [Worker-5] INFO  c.g.t.t.d.PublishedGradleVersions - Gradle version information cache is up-to-date. Trying to read.
2018-03-30 23:57:52,496 [Worker-4] INFO  c.g.t.t.d.PublishedGradleVersions - Gradle version information cache is up-to-date. Trying to read.
2018-03-31 02:16:23,609 [Worker-4] INFO  c.g.t.t.d.PublishedGradleVersions - Gradle version information cache is up-to-date. Trying to read.
2018-03-31 03:12:16,078 [Worker-19] ERROR o.e.r.s.GitSnippetRepository - Transport operation failed.
org.eclipse.jgit.api.errors.TransportException: Unexpected end of file from server
	at org.eclipse.jgit.api.FetchCommand.call(FetchCommand.java:250) ~[org.eclipse.jgit_4.9.2.201712150930-r.jar:4.9.2.201712150930-r]
	at org.eclipse.recommenders.snipmatch.GitSnippetRepository.fetch(GitSnippetRepository.java:198) ~[org.eclipse.recommenders.snipmatch_2.5.0.v20171201-1623.jar:na]
	at org.eclipse.recommenders.snipmatch.GitSnippetRepository.open(GitSnippetRepository.java:91) ~[org.eclipse.recommenders.snipmatch_2.5.0.v20171201-1623.jar:na]
	at org.eclipse.recommenders.internal.snipmatch.rcp.EclipseGitSnippetRepository$2.run(EclipseGitSnippetRepository.java:165) [org.eclipse.recommenders.snipmatch.rcp_2.5.0.v20171201-1623.jar:na]
	at org.eclipse.core.internal.jobs.Worker.run(Worker.java:56) [org.eclipse.core.jobs_3.9.2.v20171030-1027.jar:na]
Caused by: org.eclipse.jgit.errors.TransportException: Unexpected end of file from server
	at org.eclipse.jgit.transport.BasePackFetchConnection.doFetch(BasePackFetchConnection.java:376) ~[org.eclipse.jgit_4.9.2.201712150930-r.jar:4.9.2.201712150930-r]
	at org.eclipse.jgit.transport.TransportHttp$SmartHttpFetchConnection.doFetch(TransportHttp.java:1090) ~[org.eclipse.jgit_4.9.2.201712150930-r.jar:4.9.2.201712150930-r]
	at org.eclipse.jgit.transport.BasePackFetchConnection.fetch(BasePackFetchConnection.java:303) ~[org.eclipse.jgit_4.9.2.201712150930-r.jar:4.9.2.201712150930-r]
	at org.eclipse.jgit.transport.BasePackFetchConnection.fetch(BasePackFetchConnection.java:292) ~[org.eclipse.jgit_4.9.2.201712150930-r.jar:4.9.2.201712150930-r]
	at org.eclipse.jgit.transport.FetchProcess.fetchObjects(FetchProcess.java:246) ~[org.eclipse.jgit_4.9.2.201712150930-r.jar:4.9.2.201712150930-r]
	at org.eclipse.jgit.transport.FetchProcess.executeImp(FetchProcess.java:162) ~[org.eclipse.jgit_4.9.2.201712150930-r.jar:4.9.2.201712150930-r]
	at org.eclipse.jgit.transport.FetchProcess.execute(FetchProcess.java:123) ~[org.eclipse.jgit_4.9.2.201712150930-r.jar:4.9.2.201712150930-r]
	at org.eclipse.jgit.transport.Transport.fetch(Transport.java:1236) ~[org.eclipse.jgit_4.9.2.201712150930-r.jar:4.9.2.201712150930-r]
	at org.eclipse.jgit.api.FetchCommand.call(FetchCommand.java:239) ~[org.eclipse.jgit_4.9.2.201712150930-r.jar:4.9.2.201712150930-r]
	... 4 common frames omitted
Caused by: java.net.SocketException: Unexpected end of file from server
	at sun.net.www.http.HttpClient.parseHTTPHeader(Unknown Source) ~[na:1.8.0_162]
	at sun.net.www.http.HttpClient.parseHTTP(Unknown Source) ~[na:1.8.0_162]
	at sun.net.www.protocol.http.HttpURLConnection.getInputStream0(Unknown Source) ~[na:1.8.0_162]
	at sun.net.www.protocol.http.HttpURLConnection.getInputStream(Unknown Source) ~[na:1.8.0_162]
	at java.net.HttpURLConnection.getResponseCode(Unknown Source) ~[na:1.8.0_162]
	at org.eclipse.jgit.transport.http.JDKHttpConnection.getResponseCode(JDKHttpConnection.java:99) ~[org.eclipse.jgit_4.9.2.201712150930-r.jar:4.9.2.201712150930-r]
	at org.eclipse.jgit.util.HttpSupport.response(HttpSupport.java:202) ~[org.eclipse.jgit_4.9.2.201712150930-r.jar:4.9.2.201712150930-r]
	at org.eclipse.jgit.transport.TransportHttp$Service.sendRequest(TransportHttp.java:1197) ~[org.eclipse.jgit_4.9.2.201712150930-r.jar:4.9.2.201712150930-r]
	at org.eclipse.jgit.transport.TransportHttp$MultiRequestService.execute(TransportHttp.java:1415) ~[org.eclipse.jgit_4.9.2.201712150930-r.jar:4.9.2.201712150930-r]
	at org.eclipse.jgit.transport.TransportHttp$Service$HttpExecuteStream.read(TransportHttp.java:1345) ~[org.eclipse.jgit_4.9.2.201712150930-r.jar:4.9.2.201712150930-r]
	at org.eclipse.jgit.util.io.UnionInputStream.read(UnionInputStream.java:145) ~[org.eclipse.jgit_4.9.2.201712150930-r.jar:4.9.2.201712150930-r]
	at org.eclipse.jgit.util.IO.readFully(IO.java:247) ~[org.eclipse.jgit_4.9.2.201712150930-r.jar:4.9.2.201712150930-r]
	at org.eclipse.jgit.transport.PacketLineIn.readLength(PacketLineIn.java:225) ~[org.eclipse.jgit_4.9.2.201712150930-r.jar:4.9.2.201712150930-r]
	at org.eclipse.jgit.transport.PacketLineIn.readString(PacketLineIn.java:155) ~[org.eclipse.jgit_4.9.2.201712150930-r.jar:4.9.2.201712150930-r]
	at org.eclipse.jgit.transport.PacketLineIn.readACK(PacketLineIn.java:119) ~[org.eclipse.jgit_4.9.2.201712150930-r.jar:4.9.2.201712150930-r]
	at org.eclipse.jgit.transport.BasePackFetchConnection.negotiate(BasePackFetchConnection.java:666) ~[org.eclipse.jgit_4.9.2.201712150930-r.jar:4.9.2.201712150930-r]
	at org.eclipse.jgit.transport.BasePackFetchConnection.doFetch(BasePackFetchConnection.java:362) ~[org.eclipse.jgit_4.9.2.201712150930-r.jar:4.9.2.201712150930-r]
	... 12 common frames omitted
2018-03-31 03:45:54,634 [Worker-5] INFO  c.g.t.t.d.PublishedGradleVersions - Gradle version information cache is up-to-date. Trying to read.
2018-04-08 22:04:49,083 [Worker-4] INFO  c.g.t.t.d.PublishedGradleVersions - Gradle version information cache is out-of-date. Trying to update.
